0 info it worked if it ends with ok
1 verbose cli [ '/opt/local/bin/node',
1 verbose cli   '/opt/local/bin/npm',
1 verbose cli   'install',
1 verbose cli   '-g',
1 verbose cli   'broser-sync' ]
2 info using npm@2.14.3
3 info using node@v0.12.7
4 verbose install initial load of /opt/local/lib/package.json
5 verbose readDependencies loading dependencies from /opt/local/lib/package.json
6 silly cache add args [ 'broser-sync', null ]
7 verbose cache add spec broser-sync
8 silly cache add parsed spec { raw: 'broser-sync',
8 silly cache add   scope: null,
8 silly cache add   name: 'broser-sync',
8 silly cache add   rawSpec: '',
8 silly cache add   spec: '*',
8 silly cache add   type: 'range' }
9 silly addNamed broser-sync@*
10 verbose addNamed "*" is a valid semver range for broser-sync
11 silly addNameRange { name: 'broser-sync', range: '*', hasData: false }
12 silly mapToRegistry name broser-sync
13 silly mapToRegistry using default registry
14 silly mapToRegistry registry https://registry.npmjs.org/
15 silly mapToRegistry uri https://registry.npmjs.org/broser-sync
16 verbose addNameRange registry:https://registry.npmjs.org/broser-sync not in flight; fetching
17 verbose request uri https://registry.npmjs.org/broser-sync
18 verbose request no auth needed
19 info attempt registry request try #1 at 11:23:29 PM
20 verbose request id e796118cabb8fe55
21 http request GET https://registry.npmjs.org/broser-sync
22 http 404 https://registry.npmjs.org/broser-sync
23 verbose headers { 'content-type': 'application/json',
23 verbose headers   'cache-control': 'max-age=0',
23 verbose headers   'content-length': '2',
23 verbose headers   'accept-ranges': 'bytes',
23 verbose headers   date: 'Tue, 27 Oct 2015 12:23:29 GMT',
23 verbose headers   via: '1.1 varnish',
23 verbose headers   age: '0',
23 verbose headers   connection: 'keep-alive',
23 verbose headers   'x-served-by': 'cache-mel6522-MEL',
23 verbose headers   'x-cache': 'MISS',
23 verbose headers   'x-cache-hits': '0',
23 verbose headers   'x-timer': 'S1445948609.428926,VS0,VE202' }
24 silly get cb [ 404,
24 silly get   { 'content-type': 'application/json',
24 silly get     'cache-control': 'max-age=0',
24 silly get     'content-length': '2',
24 silly get     'accept-ranges': 'bytes',
24 silly get     date: 'Tue, 27 Oct 2015 12:23:29 GMT',
24 silly get     via: '1.1 varnish',
24 silly get     age: '0',
24 silly get     connection: 'keep-alive',
24 silly get     'x-served-by': 'cache-mel6522-MEL',
24 silly get     'x-cache': 'MISS',
24 silly get     'x-cache-hits': '0',
24 silly get     'x-timer': 'S1445948609.428926,VS0,VE202' } ]
25 verbose stack Error: Registry returned 404 for GET on https://registry.npmjs.org/broser-sync
25 verbose stack     at makeError (/opt/local/lib/node_modules/npm/node_modules/npm-registry-client/lib/request.js:263:12)
25 verbose stack     at CachingRegistryClient.<anonymous> (/opt/local/lib/node_modules/npm/node_modules/npm-registry-client/lib/request.js:241:14)
25 verbose stack     at Request._callback (/opt/local/lib/node_modules/npm/node_modules/npm-registry-client/lib/request.js:171:14)
25 verbose stack     at Request.self.callback (/opt/local/lib/node_modules/npm/node_modules/request/request.js:198:22)
25 verbose stack     at Request.emit (events.js:110:17)
25 verbose stack     at Request.<anonymous> (/opt/local/lib/node_modules/npm/node_modules/request/request.js:1073:14)
25 verbose stack     at Request.emit (events.js:129:20)
25 verbose stack     at IncomingMessage.<anonymous> (/opt/local/lib/node_modules/npm/node_modules/request/request.js:1019:12)
25 verbose stack     at IncomingMessage.emit (events.js:129:20)
25 verbose stack     at _stream_readable.js:908:16
26 verbose statusCode 404
27 verbose pkgid broser-sync
28 verbose cwd /Users/daniel/Desktop/react
29 error Darwin 14.5.0
30 error argv "/opt/local/bin/node" "/opt/local/bin/npm" "install" "-g" "broser-sync"
31 error node v0.12.7
32 error npm  v2.14.3
33 error code E404
34 error 404 Registry returned 404 for GET on https://registry.npmjs.org/broser-sync
34 error 404
34 error 404 'broser-sync' is not in the npm registry.
34 error 404 You should bug the author to publish it (or use the name yourself!)
34 error 404
34 error 404 Note that you can also install from a
34 error 404 tarball, folder, http url, or git url.
35 verbose exit [ 1, true ]
